# JRE version: Java(TM) SE Runtime Environment (8.0_102-b14) (build 1.8.0_102-b14)
# Java VM: Java HotSpot(TM) 64-Bit Server VM (25.102-b14 mixed mode windows-amd64 compressed oops)
Heap:
 PSYoungGen      total 253952K, used 237113K [0x00000000d5580000, 0x00000000e7100000, 0x0000000100000000)
  eden space 222208K, 98% used [0x00000000d5580000,0x00000000e2b1e798,0x00000000e2e80000)
  from space 31744K, 57% used [0x00000000e4d80000,0x00000000e5f70020,0x00000000e6c80000)
  to   space 31744K, 0% used [0x00000000e2e80000,0x00000000e2e80000,0x00000000e4d80000)
 ParOldGen       total 125440K, used 41615K [0x0000000080000000, 0x0000000087a80000, 0x00000000d5580000)
  object space 125440K, 33% used [0x0000000080000000,0x00000000828a3fe0,0x0000000087a80000)
 Metaspace       used 59845K, capacity 61138K, committed 61312K, reserved 1101824K
  class space    used 7868K, capacity 8227K, committed 8320K, reserved 1048576K
GC Heap History (10 events):
Event: 107.254 GC heap before
{Heap before GC invocations=21 (full 3):
 PSYoungGen      total 166912K, used 145248K [0x00000000d5580000, 0x00000000e2980000, 0x0000000100000000)
  eden space 135680K, 100% used [0x00000000d5580000,0x00000000dda00000,0x00000000dda00000)
  from space 31232K, 30% used [0x00000000dda00000,0x00000000de358000,0x00000000df880000)
  to   space 30208K, 0% used [0x00000000e0c00000,0x00000000e0c00000,0x00000000e2980000)
 ParOldGen       total 125440K, used 41583K [0x0000000080000000, 0x0000000087a80000, 0x00000000d5580000)
  object space 125440K, 33% used [0x0000000080000000,0x000000008289bfe0,0x0000000087a80000)
 Metaspace       used 50363K, capacity 51502K, committed 51712K, reserved 1093632K
  class space    used 6806K, capacity 7143K, committed 7168K, reserved 1048576K
Event: 107.293 GC heap after
Heap after GC invocations=21 (full 3):
 PSYoungGen      total 178688K, used 19505K [0x00000000d5580000, 0x00000000e2680000, 0x0000000100000000)
  eden space 151552K, 0% used [0x00000000d5580000,0x00000000d5580000,0x00000000de980000)
  from space 27136K, 71% used [0x00000000e0c00000,0x00000000e1f0c730,0x00000000e2680000)
  to   space 31232K, 0% used [0x00000000de980000,0x00000000de980000,0x00000000e0800000)
 ParOldGen       total 125440K, used 41591K [0x0000000080000000, 0x0000000087a80000, 0x00000000d5580000)
  object space 125440K, 33% used [0x0000000080000000,0x000000008289dfe0,0x0000000087a80000)
 Metaspace       used 50363K, capacity 51502K, committed 51712K, reserved 1093632K
  class space    used 6806K, capacity 7143K, committed 7168K, reserved 1048576K
}
Event: 108.336 GC heap before
{Heap before GC invocations=22 (full 3):
 PSYoungGen      total 178688K, used 171057K [0x00000000d5580000, 0x00000000e2680000, 0x0000000100000000)
  eden space 151552K, 100% used [0x00000000d5580000,0x00000000de980000,0x00000000de980000)
  from space 27136K, 71% used [0x00000000e0c00000,0x00000000e1f0c730,0x00000000e2680000)
  to   space 31232K, 0% used [0x00000000de980000,0x00000000de980000,0x00000000e0800000)
 ParOldGen       total 125440K, used 41591K [0x0000000080000000, 0x0000000087a80000, 0x00000000d5580000)
  object space 125440K, 33% used [0x0000000080000000,0x000000008289dfe0,0x0000000087a80000)
 Metaspace       used 51971K, capacity 53170K, committed 53504K, reserved 1095680K
  class space    used 6985K, capacity 7337K, committed 7424K, reserved 1048576K
Event: 108.384 GC heap after
Heap after GC invocations=22 (full 3):
 PSYoungGen      total 182784K, used 28213K [0x00000000d5580000, 0x00000000e4d80000, 0x0000000100000000)
  eden space 151552K, 0% used [0x00000000d5580000,0x00000000d5580000,0x00000000de980000)
  from space 31232K, 90% used [0x00000000de980000,0x00000000e050d5c8,0x00000000e0800000)
  to   space 34816K, 0% used [0x00000000e2b80000,0x00000000e2b80000,0x00000000e4d80000)
 ParOldGen       total 125440K, used 41591K [0x0000000080000000, 0x0000000087a80000, 0x00000000d5580000)
  object space 125440K, 33% used [0x0000000080000000,0x000000008289dfe0,0x0000000087a80000)
 Metaspace       used 51971K, capacity 53170K, committed 53504K, reserved 1095680K
  class space    used 6985K, capacity 7337K, committed 7424K, reserved 1048576K
}
Event: 117.348 GC heap before
{Heap before GC invocations=23 (full 3):
 PSYoungGen      total 182784K, used 179765K [0x00000000d5580000, 0x00000000e4d80000, 0x0000000100000000)
  eden space 151552K, 100% used [0x00000000d5580000,0x00000000de980000,0x00000000de980000)
  from space 31232K, 90% used [0x00000000de980000,0x00000000e050d5c8,0x00000000e0800000)
  to   space 34816K, 0% used [0x00000000e2b80000,0x00000000e2b80000,0x00000000e4d80000)
 ParOldGen       total 125440K, used 41591K [0x0000000080000000, 0x0000000087a80000, 0x00000000d5580000)
  object space 125440K, 33% used [0x0000000080000000,0x000000008289dfe0,0x0000000087a80000)
 Metaspace       used 53056K, capacity 54226K, committed 54656K, reserved 1095680K
  class space    used 7090K, capacity 7433K, committed 7552K, reserved 1048576K
Event: 117.370 GC heap after
Heap after GC invocations=23 (full 3):
 PSYoungGen      total 209920K, used 10192K [0x00000000d5580000, 0x00000000e4800000, 0x0000000100000000)
  eden space 180736K, 0% used [0x00000000d5580000,0x00000000d5580000,0x00000000e0600000)
  from space 29184K, 34% used [0x00000000e2b80000,0x00000000e3574050,0x00000000e4800000)
  to   space 33792K, 0% used [0x00000000e0600000,0x00000000e0600000,0x00000000e2700000)
 ParOldGen       total 125440K, used 41599K [0x0000000080000000, 0x0000000087a80000, 0x00000000d5580000)
  object space 125440K, 33% used [0x0000000080000000,0x000000008289ffe0,0x0000000087a80000)
 Metaspace       used 53056K, capacity 54226K, committed 54656K, reserved 1095680K
  class space    used 7090K, capacity 7433K, committed 7552K, reserved 1048576K
}
Event: 118.665 GC heap before
{Heap before GC invocations=24 (full 3):
 PSYoungGen      total 209920K, used 190928K [0x00000000d5580000, 0x00000000e4800000, 0x0000000100000000)
  eden space 180736K, 100% used [0x00000000d5580000,0x00000000e0600000,0x00000000e0600000)
  from space 29184K, 34% used [0x00000000e2b80000,0x00000000e3574050,0x00000000e4800000)
  to   space 33792K, 0% used [0x00000000e0600000,0x00000000e0600000,0x00000000e2700000)
 ParOldGen       total 125440K, used 41599K [0x0000000080000000, 0x0000000087a80000, 0x00000000d5580000)
  object space 125440K, 33% used [0x0000000080000000,0x000000008289ffe0,0x0000000087a80000)
 Metaspace       used 53422K, capacity 54628K, committed 54912K, reserved 1097728K
  class space    used 7134K, capacity 7500K, committed 7552K, reserved 1048576K
Event: 118.708 GC heap after
Heap after GC invocations=24 (full 3):
 PSYoungGen      total 214528K, used 14190K [0x00000000d5580000, 0x00000000e6c80000, 0x0000000100000000)
  eden space 180736K, 0% used [0x00000000d5580000,0x00000000d5580000,0x00000000e0600000)
  from space 33792K, 41% used [0x00000000e0600000,0x00000000e13dbbc8,0x00000000e2700000)
  to   space 31744K, 0% used [0x00000000e4d80000,0x00000000e4d80000,0x00000000e6c80000)
 ParOldGen       total 125440K, used 41607K [0x0000000080000000, 0x0000000087a80000, 0x00000000d5580000)
  object space 125440K, 33% used [0x0000000080000000,0x00000000828a1fe0,0x0000000087a80000)
 Metaspace       used 53422K, capacity 54628K, committed 54912K, reserved 1097728K
  class space    used 7134K, capacity 7500K, committed 7552K, reserved 1048576K
}
Event: 120.128 GC heap before
{Heap before GC invocations=25 (full 3):
 PSYoungGen      total 214528K, used 194926K [0x00000000d5580000, 0x00000000e6c80000, 0x0000000100000000)
  eden space 180736K, 100% used [0x00000000d5580000,0x00000000e0600000,0x00000000e0600000)
  from space 33792K, 41% used [0x00000000e0600000,0x00000000e13dbbc8,0x00000000e2700000)
  to   space 31744K, 0% used [0x00000000e4d80000,0x00000000e4d80000,0x00000000e6c80000)
 ParOldGen       total 125440K, used 41607K [0x0000000080000000, 0x0000000087a80000, 0x00000000d5580000)
  object space 125440K, 33% used [0x0000000080000000,0x00000000828a1fe0,0x0000000087a80000)
 Metaspace       used 53524K, capacity 54756K, committed 54912K, reserved 1097728K
  class space    used 7137K, capacity 7500K, committed 7552K, reserved 1048576K
Event: 120.180 GC heap after
Heap after GC invocations=25 (full 3):
 PSYoungGen      total 253952K, used 18368K [0x00000000d5580000, 0x00000000e7100000, 0x0000000100000000)
  eden space 222208K, 0% used [0x00000000d5580000,0x00000000d5580000,0x00000000e2e80000)
  from space 31744K, 57% used [0x00000000e4d80000,0x00000000e5f70020,0x00000000e6c80000)
  to   space 31744K, 0% used [0x00000000e2e80000,0x00000000e2e80000,0x00000000e4d80000)
 ParOldGen       total 125440K, used 41615K [0x0000000080000000, 0x0000000087a80000, 0x00000000d5580000)
  object space 125440K, 33% used [0x0000000080000000,0x00000000828a3fe0,0x0000000087a80000)
 Metaspace       used 53524K, capacity 54756K, committed 54912K, reserved 1097728K
  class space    used 7137K, capacity 7500K, committed 7552K, reserved 1048576K
}

